
ROM used:   2450/32768 (7%)
            2450/32768 (7%) including unused fragments

            1.2 Average locations per line
            6.4 Average locations per statement

RAM used:   37/2048 (2%) at main() level
            57/2048 (3%) worst case

Stack used: 7 worst case (7 in main + 0 for interrupts)
Stack size: 31

Lines Stmts  %   Files
----- ----- ---  -----
  163    88  23  main.c
  122    68  18  main.h
  837     0   0  ..\..\..\..\..\..\Program Files (x86)\PICC\Devices\18F4550.h
  423   125  33  ..\..\..\..\..\..\Program Files (x86)\PICC\Drivers\string.h
   32     0   0  ..\..\..\..\..\..\Program Files (x86)\PICC\Drivers\stddef.h
   28     0   0  ..\..\..\..\..\..\Program Files (x86)\PICC\Drivers\ctype.h
  456   100  26  ..\..\..\..\..\..\Program Files (x86)\PICC\Drivers\lcd.c
----- -----
 2061   381 Total

Page ROM  %  RAM   Vol Diff  Functions:
---- --- --- ---   --- ----  ----------
0     40   1    1             @delay_ms1
0    320   7    0  1792  4.2  getPressedBtn
0     74   2    3   760  4.5  lcd_read_byte
0     82   2    2   262  3.7  lcd_read_nibble
0     62   1    1   399  2.4  lcd_send_nibble
0     70   1    3   415  3.7  lcd_send_byte
0    128   3    6   852  6.2  lcd_init
0     34   1    4   208  6.3  lcd_gotoxy
0     80   2    1   354  4.7  lcd_putc
0     12   0    0    25  1.2  lcdClear
0    228   5    4   586  6.7  checkPW
0     16   0    0             @const792
0     32   1    2             @PSTRINGC_768
0     16   0    0             @const794
0    142   3    3   332  4.1  openDoor
0     18   0    0             @const796
0     18   0    0             @const797
0     30   1    5             @MUL1616
0     24   0    0             @const802
0     30   1    3  1271  7.0  @PSTRINGCN_768
0     40   1    3  1271  7.0  @DIV88
0    172   4    6             @PRINTF_D_768
0    106   2    3   190  2.2  closeDoor
0     20   0    0   190  2.2  @const812
0     16   0    0             @const813
0    122   2    2   351  4.5  delFunc
0     14   0    0   351  4.5  @const816
0     18   0    0  1271  7.0  @const818
0     12   0    0    25  1.2  welcomeMsg
0     32   1    0    25  1.2  @const820
0    406   8    2  1271  7.0  MAIN
0     14   0    0  1271  7.0  @const825
0     18   0    0             @const828
 Inline         0             @cinit1

Program metrics:
    Functions               22
    Statements              381
    Comments                427
    Volume (V)              22425
    Difficulty (D)          97.8
    Effort to implement (E) 2194195
    Time to implement (T)   33 hours, 52 minutes
    Est Delivered Bugs (B)  6
    Cyclomatic Complexity   70
    Maintainability (MI)    114

 Segment     Used  Free
-----------  ----  ----
00000-00002     4  0  
00004-07FFE  2446  30318  



